<!DOCTYPE html>
<html>
  <head>
    <meta charset="utf-8"/>
    <title>report.html</title>
    <link href="assets/style.css" rel="stylesheet" type="text/css"/></head>
  <body onLoad="init()">
    <script>/* This Source Code Form is subject to the terms of the Mozilla Public
 * License, v. 2.0. If a copy of the MPL was not distributed with this file,
 * You can obtain one at http://mozilla.org/MPL/2.0/. */


function toArray(iter) {
    if (iter === null) {
        return null;
    }
    return Array.prototype.slice.call(iter);
}

function find(selector, elem) { // eslint-disable-line no-redeclare
    if (!elem) {
        elem = document;
    }
    return elem.querySelector(selector);
}

function findAll(selector, elem) {
    if (!elem) {
        elem = document;
    }
    return toArray(elem.querySelectorAll(selector));
}

function sortColumn(elem) {
    toggleSortStates(elem);
    const colIndex = toArray(elem.parentNode.childNodes).indexOf(elem);
    let key;
    if (elem.classList.contains('result')) {
        key = keyResult;
    } else if (elem.classList.contains('links')) {
        key = keyLink;
    } else {
        key = keyAlpha;
    }
    sortTable(elem, key(colIndex));
}

function showAllExtras() { // eslint-disable-line no-unused-vars
    findAll('.col-result').forEach(showExtras);
}

function hideAllExtras() { // eslint-disable-line no-unused-vars
    findAll('.col-result').forEach(hideExtras);
}

function showExtras(colresultElem) {
    const extras = colresultElem.parentNode.nextElementSibling;
    const expandcollapse = colresultElem.firstElementChild;
    extras.classList.remove('collapsed');
    expandcollapse.classList.remove('expander');
    expandcollapse.classList.add('collapser');
}

function hideExtras(colresultElem) {
    const extras = colresultElem.parentNode.nextElementSibling;
    const expandcollapse = colresultElem.firstElementChild;
    extras.classList.add('collapsed');
    expandcollapse.classList.remove('collapser');
    expandcollapse.classList.add('expander');
}

function showFilters() {
    let visibleString = getQueryParameter('visible') || 'all';
    visibleString = visibleString.toLowerCase();
    const checkedItems = visibleString.split(',');

    const filterItems = document.getElementsByClassName('filter');
    for (let i = 0; i < filterItems.length; i++) {
        filterItems[i].hidden = false;

        if (visibleString != 'all') {
            filterItems[i].checked = checkedItems.includes(filterItems[i].getAttribute('data-test-result'));
            filterTable(filterItems[i]);
        }
    }
}

function addCollapse() {
    // Add links for show/hide all
    const resulttable = find('table#results-table');
    const showhideall = document.createElement('p');
    showhideall.innerHTML = '<a href="javascript:showAllExtras()">Show all details</a> / ' +
                            '<a href="javascript:hideAllExtras()">Hide all details</a>';
    resulttable.parentElement.insertBefore(showhideall, resulttable);

    // Add show/hide link to each result
    findAll('.col-result').forEach(function(elem) {
        const collapsed = getQueryParameter('collapsed') || 'Passed';
        const extras = elem.parentNode.nextElementSibling;
        const expandcollapse = document.createElement('span');
        if (extras.classList.contains('collapsed')) {
            expandcollapse.classList.add('expander');
        } else if (collapsed.includes(elem.innerHTML)) {
            extras.classList.add('collapsed');
            expandcollapse.classList.add('expander');
        } else {
            expandcollapse.classList.add('collapser');
        }
        elem.appendChild(expandcollapse);

        elem.addEventListener('click', function(event) {
            if (event.currentTarget.parentNode.nextElementSibling.classList.contains('collapsed')) {
                showExtras(event.currentTarget);
            } else {
                hideExtras(event.currentTarget);
            }
        });
    });
}

function getQueryParameter(name) {
    const match = RegExp('[?&]' + name + '=([^&]*)').exec(window.location.search);
    return match && decodeURIComponent(match[1].replace(/\+/g, ' '));
}

function init () { // eslint-disable-line no-unused-vars
    resetSortHeaders();

    addCollapse();

    showFilters();

    sortColumn(find('.initial-sort'));

    findAll('.sortable').forEach(function(elem) {
        elem.addEventListener('click',
            function() {
                sortColumn(elem);
            }, false);
    });
}

function sortTable(clicked, keyFunc) {
    const rows = findAll('.results-table-row');
    const reversed = !clicked.classList.contains('asc');
    const sortedRows = sort(rows, keyFunc, reversed);
    /* Whole table is removed here because browsers acts much slower
     * when appending existing elements.
     */
    const thead = document.getElementById('results-table-head');
    document.getElementById('results-table').remove();
    const parent = document.createElement('table');
    parent.id = 'results-table';
    parent.appendChild(thead);
    sortedRows.forEach(function(elem) {
        parent.appendChild(elem);
    });
    document.getElementsByTagName('BODY')[0].appendChild(parent);
}

function sort(items, keyFunc, reversed) {
    const sortArray = items.map(function(item, i) {
        return [keyFunc(item), i];
    });

    sortArray.sort(function(a, b) {
        const keyA = a[0];
        const keyB = b[0];

        if (keyA == keyB) return 0;

        if (reversed) {
            return keyA < keyB ? 1 : -1;
        } else {
            return keyA > keyB ? 1 : -1;
        }
    });

    return sortArray.map(function(item) {
        const index = item[1];
        return items[index];
    });
}

function keyAlpha(colIndex) {
    return function(elem) {
        return elem.childNodes[1].childNodes[colIndex].firstChild.data.toLowerCase();
    };
}

function keyLink(colIndex) {
    return function(elem) {
        const dataCell = elem.childNodes[1].childNodes[colIndex].firstChild;
        return dataCell == null ? '' : dataCell.innerText.toLowerCase();
    };
}

function keyResult(colIndex) {
    return function(elem) {
        const strings = ['Error', 'Failed', 'Rerun', 'XFailed', 'XPassed',
            'Skipped', 'Passed'];
        return strings.indexOf(elem.childNodes[1].childNodes[colIndex].firstChild.data);
    };
}

function resetSortHeaders() {
    findAll('.sort-icon').forEach(function(elem) {
        elem.parentNode.removeChild(elem);
    });
    findAll('.sortable').forEach(function(elem) {
        const icon = document.createElement('div');
        icon.className = 'sort-icon';
        icon.textContent = 'vvv';
        elem.insertBefore(icon, elem.firstChild);
        elem.classList.remove('desc', 'active');
        elem.classList.add('asc', 'inactive');
    });
}

function toggleSortStates(elem) {
    //if active, toggle between asc and desc
    if (elem.classList.contains('active')) {
        elem.classList.toggle('asc');
        elem.classList.toggle('desc');
    }

    //if inactive, reset all other functions and add ascending active
    if (elem.classList.contains('inactive')) {
        resetSortHeaders();
        elem.classList.remove('inactive');
        elem.classList.add('active');
    }
}

function isAllRowsHidden(value) {
    return value.hidden == false;
}

function filterTable(elem) { // eslint-disable-line no-unused-vars
    const outcomeAtt = 'data-test-result';
    const outcome = elem.getAttribute(outcomeAtt);
    const classOutcome = outcome + ' results-table-row';
    const outcomeRows = document.getElementsByClassName(classOutcome);

    for(let i = 0; i < outcomeRows.length; i++){
        outcomeRows[i].hidden = !elem.checked;
    }

    const rows = findAll('.results-table-row').filter(isAllRowsHidden);
    const allRowsHidden = rows.length == 0 ? true : false;
    const notFoundMessage = document.getElementById('not-found-message');
    notFoundMessage.hidden = !allRowsHidden;
}
</script>
    <h1>report.html</h1>
    <p>Report generated on 15-Jul-2023 at 18:31:03 by <a href="https://pypi.python.org/pypi/pytest-html">pytest-html</a> v3.2.0</p>
    <h2>Summary</h2>
    <p>7 tests ran in 53.18 seconds. </p>
    <p class="filter" hidden="true">(Un)check the boxes to filter the results.</p><input checked="true" class="filter" data-test-result="passed" hidden="true" name="filter_checkbox" onChange="filterTable(this)" type="checkbox"/><span class="passed">1 passed</span>, <input checked="true" class="filter" data-test-result="skipped" disabled="true" hidden="true" name="filter_checkbox" onChange="filterTable(this)" type="checkbox"/><span class="skipped">0 skipped</span>, <input checked="true" class="filter" data-test-result="failed" hidden="true" name="filter_checkbox" onChange="filterTable(this)" type="checkbox"/><span class="failed">6 failed</span>, <input checked="true" class="filter" data-test-result="error" disabled="true" hidden="true" name="filter_checkbox" onChange="filterTable(this)" type="checkbox"/><span class="error">0 errors</span>, <input checked="true" class="filter" data-test-result="xfailed" disabled="true" hidden="true" name="filter_checkbox" onChange="filterTable(this)" type="checkbox"/><span class="xfailed">0 expected failures</span>, <input checked="true" class="filter" data-test-result="xpassed" disabled="true" hidden="true" name="filter_checkbox" onChange="filterTable(this)" type="checkbox"/><span class="xpassed">0 unexpected passes</span>
    <h2>Results</h2>
    <table id="results-table">
      <thead id="results-table-head">
        <tr>
          <th class="sortable result initial-sort" col="result">Result</th>
          <th class="sortable" col="name">Test</th>
          <th class="sortable" col="duration">Duration</th>
          <th class="sortable links" col="links">Links</th></tr>
        <tr hidden="true" id="not-found-message">
          <th colspan="4">No results found. Try to check the filters</th></tr></thead>
      <tbody class="failed results-table-row">
        <tr>
          <td class="col-result">Failed</td>
          <td class="col-name">testCases/test_login_param.py::Test_Login::test_login_param_004[data_for_login0]</td>
          <td class="col-duration">24.11</td>
          <td class="col-links"></td></tr>
        <tr>
          <td class="extra" colspan="4">
            <div class="log">[gw3] win32 -- Python 3.11.4 C:\Users\Admin\AppData\Local\Programs\Python\Python311\python.exe<br/>[gw3] win32 -- Python 3.11.4 C:\Users\Admin\AppData\Local\Programs\Python\Python311\python.exe[gw3] win32 -- Python 3.11.4 C:\Users\Admin\AppData\Local\Programs\Python\Python311\python.exe<br/><br/>self = &lt;testCases.test_login_param.Test_Login object at 0x000001BCCBBEBC50&gt;<br/>setup = &lt;selenium.webdriver.chrome.webdriver.WebDriver (session=&quot;86da94a99f4c8b96b649c29cf0be8b4d&quot;)&gt;<br/>data_for_login = (&#x27;lukeshade@gmail.com&#x27;, &#x27;Test@123&#x27;, &#x27;Pass&#x27;)<br/><br/>    def test_login_param_004(self, setup, data_for_login):<br/>        self.log.info(&quot;TestCase test_login_004 is started&quot;)<br/>        self.driver = setup<br/>        self.log.info(&quot;Invoking browser&quot;)<br/>        self.driver.get(self.baseURL)<br/>        self.log.info(&quot;Opening url&quot;)<br/>        self.lp = UserLoginClass(self.driver)<br/>        self.lp.login_link()<br/>        self.log.info(&quot;Clicking on login link&quot;)<br/>        self.lp.email(data_for_login[0])<br/>        self.log.info(&quot;Entering email &quot; + data_for_login[0])<br/>        self.lp.password(data_for_login[1])<br/>        self.log.info(&quot;Entering password &quot; + data_for_login[1])<br/>        self.lp.signin_button()<br/>        self.log.info(&quot;Clicking on Signin button&quot;)<br/>    <br/>    <br/>        if self.lp.status() == (data_for_login[2] == &quot;Pass&quot;):<br/>            self.log.info(&quot;TestCase test_login_param_004 is pass&quot;)<br/>            self.driver.save_screenshot(&quot;.\\Screenshot\\test_login_004_pass.png&quot;)<br/>            assert True<br/>        else:<br/>            self.log.info(&quot;TestCase test_login_param_004 is fail&quot;)<br/>            self.driver.save_screenshot(&quot;.\\Screenshot\\test_login_004_fail.png&quot;)<br/>&gt;           assert False<br/><span class="error">E           assert False</span><br/><br/>testCases\test_login_param.py:34: AssertionError[gw3] win32 -- Python 3.11.4 C:\Users\Admin\AppData\Local\Programs\Python\Python311\python.exe<br/> -----------------------------Captured stdout setup------------------------------ <br/>Headless mode
<br/> -------------------------------Captured log setup------------------------------- <br/>WARNING  selenium.webdriver.common.selenium_manager:selenium_manager.py:125 The version of chrome cannot be detected. Trying with latest driver version<br/> -------------------------------Captured log call-------------------------------- <br/>INFO     Test_Login:test_login_param.py:11 TestCase test_login_004 is started
INFO     Test_Login:test_login_param.py:13 Invoking browser
INFO     Test_Login:test_login_param.py:15 Opening url
INFO     Test_Login:test_login_param.py:18 Clicking on login link
INFO     Test_Login:test_login_param.py:20 Entering email lukeshade@gmail.com
INFO     Test_Login:test_login_param.py:22 Entering password Test@123
INFO     Test_Login:test_login_param.py:24 Clicking on Signin button
INFO     Test_Login:test_login_param.py:32 TestCase test_login_param_004 is fail<br/></div></td></tr></tbody>
      <tbody class="failed results-table-row">
        <tr>
          <td class="col-result">Failed</td>
          <td class="col-name">testCases/test_UserLogin.py::Test_UserLogin::test_login_002</td>
          <td class="col-duration">32.47</td>
          <td class="col-links"></td></tr>
        <tr>
          <td class="extra" colspan="4">
            <div class="log">[gw0] win32 -- Python 3.11.4 C:\Users\Admin\AppData\Local\Programs\Python\Python311\python.exe<br/>[gw0] win32 -- Python 3.11.4 C:\Users\Admin\AppData\Local\Programs\Python\Python311\python.exe[gw0] win32 -- Python 3.11.4 C:\Users\Admin\AppData\Local\Programs\Python\Python311\python.exe<br/><br/>self = &lt;testCases.test_UserLogin.Test_UserLogin object at 0x0000015EE7B24650&gt;<br/>setup = &lt;selenium.webdriver.chrome.webdriver.WebDriver (session=&quot;d88feab0c059c78125e0e9ecfb1cf1a9&quot;)&gt;<br/><br/>    def test_login_002(self, setup):<br/>        self.log.info(&quot;UserLogin_test_002 start&quot;)<br/>        self.driver = setup<br/>        self.log.info(&quot;Opening Browser&quot;)<br/>        self.driver.get(self.url)<br/>        self.log.info(&quot;invoking the url&quot;)<br/>        self.lp = UserLoginClass(self.driver)<br/>        self.lp.login_link()<br/>        self.log.info(&quot;Clicking link&quot;)<br/>        self.lp.email(self.username)<br/>        self.log.info(&quot;Entering Username&quot;)<br/>        self.lp.password(self.password)<br/>        self.log.info(&quot;Entering password&quot;)<br/>        self.lp.signin_button()<br/>        self.log.info(&quot;Clicking on Signin Button&quot;)<br/>&gt;       self.lp.sign_out()<br/><br/>testCases\test_UserLogin.py:27: <br/>_ _ _ _ _ _ _ _ _ _ _ _ _ _ _ _ _ _ _ _ _ _ _ _ _ _ _ _ _ _ _ _ _ _ _ _ _ _ _ _ <br/>pageObject\UserLogin_Page.py:36: in sign_out<br/>    self.driver.find_element(*UserLoginClass.buttonLogout1_CSS_SELECTOR).click()<br/>..\..\AppData\Local\Programs\Python\Python311\Lib\site-packages\selenium\webdriver\remote\webdriver.py:740: in find_element<br/>    return self.execute(Command.FIND_ELEMENT, {&quot;using&quot;: by, &quot;value&quot;: value})[&quot;value&quot;]<br/>..\..\AppData\Local\Programs\Python\Python311\Lib\site-packages\selenium\webdriver\remote\webdriver.py:346: in execute<br/>    self.error_handler.check_response(response)<br/>_ _ _ _ _ _ _ _ _ _ _ _ _ _ _ _ _ _ _ _ _ _ _ _ _ _ _ _ _ _ _ _ _ _ _ _ _ _ _ _ <br/><br/>self = &lt;selenium.webdriver.remote.errorhandler.ErrorHandler object at 0x0000015EEB712A10&gt;<br/>response = {&#x27;status&#x27;: 404, &#x27;value&#x27;: &#x27;{&quot;value&quot;:{&quot;error&quot;:&quot;no such element&quot;,&quot;message&quot;:&quot;no such element: Unable to locate element: {\...\n\\tRtlGetAppContainerNamedObjectPath [0x77D57B4E+286]\\n\\tRtlGetAppContainerNamedObjectPath [0x77D57B1E+238]\\n&quot;}}&#x27;}<br/><br/>    def check_response(self, response: Dict[str, Any]) -&gt; None:<br/>        &quot;&quot;&quot;Checks that a JSON response from the WebDriver does not have an<br/>        error.<br/>    <br/>        :Args:<br/>         - response - The JSON response from the WebDriver server as a dictionary<br/>           object.<br/>    <br/>        :Raises: If the response contains an error message.<br/>        &quot;&quot;&quot;<br/>        status = response.get(&quot;status&quot;, None)<br/>        if not status or status == ErrorCode.SUCCESS:<br/>            return<br/>        value = None<br/>        message = response.get(&quot;message&quot;, &quot;&quot;)<br/>        screen: str = response.get(&quot;screen&quot;, &quot;&quot;)<br/>        stacktrace = None<br/>        if isinstance(status, int):<br/>            value_json = response.get(&quot;value&quot;, None)<br/>            if value_json and isinstance(value_json, str):<br/>                import json<br/>    <br/>                try:<br/>                    value = json.loads(value_json)<br/>                    if len(value) == 1:<br/>                        value = value[&quot;value&quot;]<br/>                    status = value.get(&quot;error&quot;, None)<br/>                    if not status:<br/>                        status = value.get(&quot;status&quot;, ErrorCode.UNKNOWN_ERROR)<br/>                        message = value.get(&quot;value&quot;) or value.get(&quot;message&quot;)<br/>                        if not isinstance(message, str):<br/>                            value = message<br/>                            message = message.get(&quot;message&quot;)<br/>                    else:<br/>                        message = value.get(&quot;message&quot;, None)<br/>                except ValueError:<br/>                    pass<br/>    <br/>        exception_class: Type[WebDriverException]<br/>        if status in ErrorCode.NO_SUCH_ELEMENT:<br/>            exception_class = NoSuchElementException<br/>        elif status in ErrorCode.NO_SUCH_FRAME:<br/>            exception_class = NoSuchFrameException<br/>        elif status in ErrorCode.NO_SUCH_SHADOW_ROOT:<br/>            exception_class = NoSuchShadowRootException<br/>        elif status in ErrorCode.NO_SUCH_WINDOW:<br/>            exception_class = NoSuchWindowException<br/>        elif status in ErrorCode.STALE_ELEMENT_REFERENCE:<br/>            exception_class = StaleElementReferenceException<br/>        elif status in ErrorCode.ELEMENT_NOT_VISIBLE:<br/>            exception_class = ElementNotVisibleException<br/>        elif status in ErrorCode.INVALID_ELEMENT_STATE:<br/>            exception_class = InvalidElementStateException<br/>        elif (<br/>            status in ErrorCode.INVALID_SELECTOR<br/>            or status in ErrorCode.INVALID_XPATH_SELECTOR<br/>            or status in ErrorCode.INVALID_XPATH_SELECTOR_RETURN_TYPER<br/>        ):<br/>            exception_class = InvalidSelectorException<br/>        elif status in ErrorCode.ELEMENT_IS_NOT_SELECTABLE:<br/>            exception_class = ElementNotSelectableException<br/>        elif status in ErrorCode.ELEMENT_NOT_INTERACTABLE:<br/>            exception_class = ElementNotInteractableException<br/>        elif status in ErrorCode.INVALID_COOKIE_DOMAIN:<br/>            exception_class = InvalidCookieDomainException<br/>        elif status in ErrorCode.UNABLE_TO_SET_COOKIE:<br/>            exception_class = UnableToSetCookieException<br/>        elif status in ErrorCode.TIMEOUT:<br/>            exception_class = TimeoutException<br/>        elif status in ErrorCode.SCRIPT_TIMEOUT:<br/>            exception_class = TimeoutException<br/>        elif status in ErrorCode.UNKNOWN_ERROR:<br/>            exception_class = WebDriverException<br/>        elif status in ErrorCode.UNEXPECTED_ALERT_OPEN:<br/>            exception_class = UnexpectedAlertPresentException<br/>        elif status in ErrorCode.NO_ALERT_OPEN:<br/>            exception_class = NoAlertPresentException<br/>        elif status in ErrorCode.IME_NOT_AVAILABLE:<br/>            exception_class = ImeNotAvailableException<br/>        elif status in ErrorCode.IME_ENGINE_ACTIVATION_FAILED:<br/>            exception_class = ImeActivationFailedException<br/>        elif status in ErrorCode.MOVE_TARGET_OUT_OF_BOUNDS:<br/>            exception_class = MoveTargetOutOfBoundsException<br/>        elif status in ErrorCode.JAVASCRIPT_ERROR:<br/>            exception_class = JavascriptException<br/>        elif status in ErrorCode.SESSION_NOT_CREATED:<br/>            exception_class = SessionNotCreatedException<br/>        elif status in ErrorCode.INVALID_ARGUMENT:<br/>            exception_class = InvalidArgumentException<br/>        elif status in ErrorCode.NO_SUCH_COOKIE:<br/>            exception_class = NoSuchCookieException<br/>        elif status in ErrorCode.UNABLE_TO_CAPTURE_SCREEN:<br/>            exception_class = ScreenshotException<br/>        elif status in ErrorCode.ELEMENT_CLICK_INTERCEPTED:<br/>            exception_class = ElementClickInterceptedException<br/>        elif status in ErrorCode.INSECURE_CERTIFICATE:<br/>            exception_class = InsecureCertificateException<br/>        elif status in ErrorCode.INVALID_COORDINATES:<br/>            exception_class = InvalidCoordinatesException<br/>        elif status in ErrorCode.INVALID_SESSION_ID:<br/>            exception_class = InvalidSessionIdException<br/>        elif status in ErrorCode.UNKNOWN_METHOD:<br/>            exception_class = UnknownMethodException<br/>        else:<br/>            exception_class = WebDriverException<br/>        if not value:<br/>            value = response[&quot;value&quot;]<br/>        if isinstance(value, str):<br/>            raise exception_class(value)<br/>        if message == &quot;&quot; and &quot;message&quot; in value:<br/>            message = value[&quot;message&quot;]<br/>    <br/>        screen = None  # type: ignore[assignment]<br/>        if &quot;screen&quot; in value:<br/>            screen = value[&quot;screen&quot;]<br/>    <br/>        stacktrace = None<br/>        st_value = value.get(&quot;stackTrace&quot;) or value.get(&quot;stacktrace&quot;)<br/>        if st_value:<br/>            if isinstance(st_value, str):<br/>                stacktrace = st_value.split(&quot;\n&quot;)<br/>            else:<br/>                stacktrace = []<br/>                try:<br/>                    for frame in st_value:<br/>                        line = frame.get(&quot;lineNumber&quot;, &quot;&quot;)<br/>                        file = frame.get(&quot;fileName&quot;, &quot;&lt;anonymous&gt;&quot;)<br/>                        if line:<br/>                            file = f&quot;{file}:{line}&quot;<br/>                        meth = frame.get(&quot;methodName&quot;, &quot;&lt;anonymous&gt;&quot;)<br/>                        if &quot;className&quot; in frame:<br/>                            meth = f&quot;{frame[&#x27;className&#x27;]}.{meth}&quot;<br/>                        msg = &quot;    at %s (%s)&quot;<br/>                        msg = msg % (meth, file)<br/>                        stacktrace.append(msg)<br/>                except TypeError:<br/>                    pass<br/>        if exception_class == UnexpectedAlertPresentException:<br/>            alert_text = None<br/>            if &quot;data&quot; in value:<br/>                alert_text = value[&quot;data&quot;].get(&quot;text&quot;)<br/>            elif &quot;alert&quot; in value:<br/>                alert_text = value[&quot;alert&quot;].get(&quot;text&quot;)<br/>            raise exception_class(message, screen, stacktrace, alert_text)  # type: ignore[call-arg]  # mypy is not smart enough here<br/>&gt;       raise exception_class(message, screen, stacktrace)<br/><span class="error">E       selenium.common.exceptions.NoSuchElementException: Message: no such element: Unable to locate element: {&quot;method&quot;:&quot;css selector&quot;,&quot;selector&quot;:&quot;div[class=&#x27;panel header&#x27;] button[type=&#x27;button&#x27;]&quot;}</span><br/><span class="error">E         (Session info: headless chrome=114.0.5735.199); For documentation on this error, please visit: https://www.selenium.dev/documentation/webdriver/troubleshooting/errors#no-such-element-exception</span><br/><span class="error">E       Stacktrace:</span><br/><span class="error">E       Backtrace:</span><br/><span class="error">E       	GetHandleVerifier [0x003EA813+48355]</span><br/><span class="error">E       	(No symbol) [0x0037C4B1]</span><br/><span class="error">E       	(No symbol) [0x00285358]</span><br/><span class="error">E       	(No symbol) [0x002B09A5]</span><br/><span class="error">E       	(No symbol) [0x002B0B3B]</span><br/><span class="error">E       	(No symbol) [0x002DE232]</span><br/><span class="error">E       	(No symbol) [0x002CA784]</span><br/><span class="error">E       	(No symbol) [0x002DC922]</span><br/><span class="error">E       	(No symbol) [0x002CA536]</span><br/><span class="error">E       	(No symbol) [0x002A82DC]</span><br/><span class="error">E       	(No symbol) [0x002A93DD]</span><br/><span class="error">E       	GetHandleVerifier [0x0064AABD+2539405]</span><br/><span class="error">E       	GetHandleVerifier [0x0068A78F+2800735]</span><br/><span class="error">E       	GetHandleVerifier [0x0068456C+2775612]</span><br/><span class="error">E       	GetHandleVerifier [0x004751E0+616112]</span><br/><span class="error">E       	(No symbol) [0x00385F8C]</span><br/><span class="error">E       	(No symbol) [0x00382328]</span><br/><span class="error">E       	(No symbol) [0x0038240B]</span><br/><span class="error">E       	(No symbol) [0x00374FF7]</span><br/><span class="error">E       	BaseThreadInitThunk [0x75DB00C9+25]</span><br/><span class="error">E       	RtlGetAppContainerNamedObjectPath [0x77D57B4E+286]</span><br/><span class="error">E       	RtlGetAppContainerNamedObjectPath [0x77D57B1E+238]</span><br/><br/>..\..\AppData\Local\Programs\Python\Python311\Lib\site-packages\selenium\webdriver\remote\errorhandler.py:245: NoSuchElementException[gw0] win32 -- Python 3.11.4 C:\Users\Admin\AppData\Local\Programs\Python\Python311\python.exe<br/> -----------------------------Captured stdout setup------------------------------ <br/>Headless mode
<br/> -------------------------------Captured log setup------------------------------- <br/>WARNING  selenium.webdriver.common.selenium_manager:selenium_manager.py:125 The version of chrome cannot be detected. Trying with latest driver version<br/> -------------------------------Captured log call-------------------------------- <br/>INFO     Test_UserLogin:test_UserLogin.py:13 UserLogin_test_002 start
INFO     Test_UserLogin:test_UserLogin.py:15 Opening Browser
INFO     Test_UserLogin:test_UserLogin.py:17 invoking the url
INFO     Test_UserLogin:test_UserLogin.py:20 Clicking link
INFO     Test_UserLogin:test_UserLogin.py:22 Entering Username
INFO     Test_UserLogin:test_UserLogin.py:24 Entering password
INFO     Test_UserLogin:test_UserLogin.py:26 Clicking on Signin Button<br/></div></td></tr></tbody>
      <tbody class="failed results-table-row">
        <tr>
          <td class="col-result">Failed</td>
          <td class="col-name">testCases/test_createAccount.py::Test_CreateAccount::test_registration_001</td>
          <td class="col-duration">21.06</td>
          <td class="col-links"></td></tr>
        <tr>
          <td class="extra" colspan="4">
            <div class="log">[gw1] win32 -- Python 3.11.4 C:\Users\Admin\AppData\Local\Programs\Python\Python311\python.exe<br/>[gw1] win32 -- Python 3.11.4 C:\Users\Admin\AppData\Local\Programs\Python\Python311\python.exe[gw1] win32 -- Python 3.11.4 C:\Users\Admin\AppData\Local\Programs\Python\Python311\python.exe<br/><br/>self = &lt;testCases.test_createAccount.Test_CreateAccount object at 0x000002DBF98D8C10&gt;<br/>setup = &lt;selenium.webdriver.chrome.webdriver.WebDriver (session=&quot;2d27b744ffcfd81aac17e83edf977c51&quot;)&gt;<br/><br/>    def test_registration_001(self, setup):<br/>        self.driver = setup<br/>        self.driver.get(self.url)<br/>        self.rp = UserRegistrationClass(self.driver)<br/>        self.rp.link_registration()<br/>        self.rp.firstname(&quot;Lukesh&quot;)<br/>        self.rp.lastname(&quot;Ade&quot;)<br/>&gt;       self.email = random_generator() + &quot;@gmail.com&quot;<br/><br/>testCases\test_createAccount.py:19: <br/>_ _ _ _ _ _ _ _ _ _ _ _ _ _ _ _ _ _ _ _ _ _ _ _ _ _ _ _ _ _ _ _ _ _ _ _ _ _ _ _ <br/>testCases\test_createAccount.py:27: in random_generator<br/>    return &#x27;&#x27;.join(random.choice(chars) for _ in range(size))<br/>_ _ _ _ _ _ _ _ _ _ _ _ _ _ _ _ _ _ _ _ _ _ _ _ _ _ _ _ _ _ _ _ _ _ _ _ _ _ _ _ <br/><br/>.0 = &lt;range_iterator object at 0x000002DBFA93C650&gt;<br/><br/>&gt;   return &#x27;&#x27;.join(random.choice(chars) for _ in range(size))<br/><span class="error">E   AttributeError: &#x27;builtin_function_or_method&#x27; object has no attribute &#x27;choice&#x27;</span><br/><br/>testCases\test_createAccount.py:27: AttributeError[gw1] win32 -- Python 3.11.4 C:\Users\Admin\AppData\Local\Programs\Python\Python311\python.exe<br/> -----------------------------Captured stdout setup------------------------------ <br/>Headless mode
<br/> -------------------------------Captured log setup------------------------------- <br/>WARNING  selenium.webdriver.common.selenium_manager:selenium_manager.py:125 The version of chrome cannot be detected. Trying with latest driver version<br/></div></td></tr></tbody>
      <tbody class="failed results-table-row">
        <tr>
          <td class="col-result">Failed</td>
          <td class="col-name">testCases/test_login_param.py::Test_Login::test_login_param_004[data_for_login2]</td>
          <td class="col-duration">15.20</td>
          <td class="col-links"></td></tr>
        <tr>
          <td class="extra" colspan="4">
            <div class="log">[gw1] win32 -- Python 3.11.4 C:\Users\Admin\AppData\Local\Programs\Python\Python311\python.exe<br/>[gw1] win32 -- Python 3.11.4 C:\Users\Admin\AppData\Local\Programs\Python\Python311\python.exe[gw1] win32 -- Python 3.11.4 C:\Users\Admin\AppData\Local\Programs\Python\Python311\python.exe<br/><br/>self = &lt;testCases.test_login_param.Test_Login object at 0x000002DBFA974050&gt;<br/>setup = &lt;selenium.webdriver.chrome.webdriver.WebDriver (session=&quot;f5d3923fc06e8b86b05f9db8a353ec0e&quot;)&gt;<br/>data_for_login = (&#x27;lukeshade@gmail.com&#x27;, &#x27;Test@1234&#x27;, &#x27;Fail&#x27;)<br/><br/>    def test_login_param_004(self, setup, data_for_login):<br/>        self.log.info(&quot;TestCase test_login_004 is started&quot;)<br/>        self.driver = setup<br/>        self.log.info(&quot;Invoking browser&quot;)<br/>        self.driver.get(self.baseURL)<br/>        self.log.info(&quot;Opening url&quot;)<br/>        self.lp = UserLoginClass(self.driver)<br/>        self.lp.login_link()<br/>        self.log.info(&quot;Clicking on login link&quot;)<br/>        self.lp.email(data_for_login[0])<br/>        self.log.info(&quot;Entering email &quot; + data_for_login[0])<br/>        self.lp.password(data_for_login[1])<br/>        self.log.info(&quot;Entering password &quot; + data_for_login[1])<br/>        self.lp.signin_button()<br/>        self.log.info(&quot;Clicking on Signin button&quot;)<br/>    <br/>    <br/>        if self.lp.status() == (data_for_login[2] == &quot;Pass&quot;):<br/>            self.log.info(&quot;TestCase test_login_param_004 is pass&quot;)<br/>            self.driver.save_screenshot(&quot;.\\Screenshot\\test_login_004_pass.png&quot;)<br/>            assert True<br/>        else:<br/>            self.log.info(&quot;TestCase test_login_param_004 is fail&quot;)<br/>            self.driver.save_screenshot(&quot;.\\Screenshot\\test_login_004_fail.png&quot;)<br/>&gt;           assert False<br/><span class="error">E           assert False</span><br/><br/>testCases\test_login_param.py:34: AssertionError[gw1] win32 -- Python 3.11.4 C:\Users\Admin\AppData\Local\Programs\Python\Python311\python.exe<br/> -----------------------------Captured stdout setup------------------------------ <br/>Headless mode
<br/> -------------------------------Captured log setup------------------------------- <br/>WARNING  selenium.webdriver.common.selenium_manager:selenium_manager.py:125 The version of chrome cannot be detected. Trying with latest driver version<br/> -------------------------------Captured log call-------------------------------- <br/>INFO     Test_Login:test_login_param.py:11 TestCase test_login_004 is started
INFO     Test_Login:test_login_param.py:13 Invoking browser
INFO     Test_Login:test_login_param.py:15 Opening url
INFO     Test_Login:test_login_param.py:18 Clicking on login link
INFO     Test_Login:test_login_param.py:20 Entering email lukeshade@gmail.com
INFO     Test_Login:test_login_param.py:22 Entering password Test@1234
INFO     Test_Login:test_login_param.py:24 Clicking on Signin button
INFO     Test_Login:test_login_param.py:32 TestCase test_login_param_004 is fail<br/></div></td></tr></tbody>
      <tbody class="failed results-table-row">
        <tr>
          <td class="col-result">Failed</td>
          <td class="col-name">testCases/test_login_param.py::Test_Login::test_login_param_004[data_for_login1]</td>
          <td class="col-duration">12.74</td>
          <td class="col-links"></td></tr>
        <tr>
          <td class="extra" colspan="4">
            <div class="log">[gw0] win32 -- Python 3.11.4 C:\Users\Admin\AppData\Local\Programs\Python\Python311\python.exe<br/>[gw0] win32 -- Python 3.11.4 C:\Users\Admin\AppData\Local\Programs\Python\Python311\python.exe[gw0] win32 -- Python 3.11.4 C:\Users\Admin\AppData\Local\Programs\Python\Python311\python.exe<br/><br/>self = &lt;testCases.test_login_param.Test_Login object at 0x0000015EEB6ED5D0&gt;<br/>setup = &lt;selenium.webdriver.chrome.webdriver.WebDriver (session=&quot;25d4c0b19ffd5136ab34d23d2bdeab0e&quot;)&gt;<br/>data_for_login = (&#x27;lukeshade@12gmail.com&#x27;, &#x27;Test@123&#x27;, &#x27;Fail&#x27;)<br/><br/>    def test_login_param_004(self, setup, data_for_login):<br/>        self.log.info(&quot;TestCase test_login_004 is started&quot;)<br/>        self.driver = setup<br/>        self.log.info(&quot;Invoking browser&quot;)<br/>        self.driver.get(self.baseURL)<br/>        self.log.info(&quot;Opening url&quot;)<br/>        self.lp = UserLoginClass(self.driver)<br/>        self.lp.login_link()<br/>        self.log.info(&quot;Clicking on login link&quot;)<br/>        self.lp.email(data_for_login[0])<br/>        self.log.info(&quot;Entering email &quot; + data_for_login[0])<br/>        self.lp.password(data_for_login[1])<br/>        self.log.info(&quot;Entering password &quot; + data_for_login[1])<br/>        self.lp.signin_button()<br/>        self.log.info(&quot;Clicking on Signin button&quot;)<br/>    <br/>    <br/>        if self.lp.status() == (data_for_login[2] == &quot;Pass&quot;):<br/>            self.log.info(&quot;TestCase test_login_param_004 is pass&quot;)<br/>            self.driver.save_screenshot(&quot;.\\Screenshot\\test_login_004_pass.png&quot;)<br/>            assert True<br/>        else:<br/>            self.log.info(&quot;TestCase test_login_param_004 is fail&quot;)<br/>            self.driver.save_screenshot(&quot;.\\Screenshot\\test_login_004_fail.png&quot;)<br/>&gt;           assert False<br/><span class="error">E           assert False</span><br/><br/>testCases\test_login_param.py:34: AssertionError[gw0] win32 -- Python 3.11.4 C:\Users\Admin\AppData\Local\Programs\Python\Python311\python.exe<br/> -----------------------------Captured stdout setup------------------------------ <br/>Headless mode
<br/> -------------------------------Captured log setup------------------------------- <br/>WARNING  selenium.webdriver.common.selenium_manager:selenium_manager.py:125 The version of chrome cannot be detected. Trying with latest driver version<br/> -------------------------------Captured log call-------------------------------- <br/>INFO     Test_Login:test_login_param.py:11 TestCase test_login_004 is started
INFO     Test_Login:test_login_param.py:13 Invoking browser
INFO     Test_Login:test_login_param.py:15 Opening url
INFO     Test_Login:test_login_param.py:18 Clicking on login link
INFO     Test_Login:test_login_param.py:20 Entering email lukeshade@12gmail.com
INFO     Test_Login:test_login_param.py:22 Entering password Test@123
INFO     Test_Login:test_login_param.py:24 Clicking on Signin button
INFO     Test_Login:test_login_param.py:32 TestCase test_login_param_004 is fail<br/></div></td></tr></tbody>
      <tbody class="failed results-table-row">
        <tr>
          <td class="col-result">Failed</td>
          <td class="col-name">testCases/test_login_param.py::Test_Login::test_login_param_004[data_for_login3]</td>
          <td class="col-duration">12.51</td>
          <td class="col-links"></td></tr>
        <tr>
          <td class="extra" colspan="4">
            <div class="log">[gw2] win32 -- Python 3.11.4 C:\Users\Admin\AppData\Local\Programs\Python\Python311\python.exe<br/>[gw2] win32 -- Python 3.11.4 C:\Users\Admin\AppData\Local\Programs\Python\Python311\python.exe[gw2] win32 -- Python 3.11.4 C:\Users\Admin\AppData\Local\Programs\Python\Python311\python.exe<br/><br/>self = &lt;testCases.test_login_param.Test_Login object at 0x0000022AB7D17BD0&gt;<br/>setup = &lt;selenium.webdriver.chrome.webdriver.WebDriver (session=&quot;2adb493c75584c7190dcc319c63d512b&quot;)&gt;<br/>data_for_login = (&#x27;lukeshade@12gmail.com&#x27;, &#x27;Test@1234&#x27;, &#x27;Fail&#x27;)<br/><br/>    def test_login_param_004(self, setup, data_for_login):<br/>        self.log.info(&quot;TestCase test_login_004 is started&quot;)<br/>        self.driver = setup<br/>        self.log.info(&quot;Invoking browser&quot;)<br/>        self.driver.get(self.baseURL)<br/>        self.log.info(&quot;Opening url&quot;)<br/>        self.lp = UserLoginClass(self.driver)<br/>        self.lp.login_link()<br/>        self.log.info(&quot;Clicking on login link&quot;)<br/>        self.lp.email(data_for_login[0])<br/>        self.log.info(&quot;Entering email &quot; + data_for_login[0])<br/>        self.lp.password(data_for_login[1])<br/>        self.log.info(&quot;Entering password &quot; + data_for_login[1])<br/>        self.lp.signin_button()<br/>        self.log.info(&quot;Clicking on Signin button&quot;)<br/>    <br/>    <br/>        if self.lp.status() == (data_for_login[2] == &quot;Pass&quot;):<br/>            self.log.info(&quot;TestCase test_login_param_004 is pass&quot;)<br/>            self.driver.save_screenshot(&quot;.\\Screenshot\\test_login_004_pass.png&quot;)<br/>            assert True<br/>        else:<br/>            self.log.info(&quot;TestCase test_login_param_004 is fail&quot;)<br/>            self.driver.save_screenshot(&quot;.\\Screenshot\\test_login_004_fail.png&quot;)<br/>&gt;           assert False<br/><span class="error">E           assert False</span><br/><br/>testCases\test_login_param.py:34: AssertionError[gw2] win32 -- Python 3.11.4 C:\Users\Admin\AppData\Local\Programs\Python\Python311\python.exe<br/> -----------------------------Captured stdout setup------------------------------ <br/>Headless mode
<br/> -------------------------------Captured log setup------------------------------- <br/>WARNING  selenium.webdriver.common.selenium_manager:selenium_manager.py:125 The version of chrome cannot be detected. Trying with latest driver version<br/> -------------------------------Captured log call-------------------------------- <br/>INFO     Test_Login:test_login_param.py:11 TestCase test_login_004 is started
INFO     Test_Login:test_login_param.py:13 Invoking browser
INFO     Test_Login:test_login_param.py:15 Opening url
INFO     Test_Login:test_login_param.py:18 Clicking on login link
INFO     Test_Login:test_login_param.py:20 Entering email lukeshade@12gmail.com
INFO     Test_Login:test_login_param.py:22 Entering password Test@1234
INFO     Test_Login:test_login_param.py:24 Clicking on Signin button
INFO     Test_Login:test_login_param.py:32 TestCase test_login_param_004 is fail<br/></div></td></tr></tbody>
      <tbody class="passed results-table-row">
        <tr>
          <td class="col-result">Passed</td>
          <td class="col-name">testCases/test_login_DDT.py::Test_login_DDT_003::test_login_ddt</td>
          <td class="col-duration">33.50</td>
          <td class="col-links"></td></tr>
        <tr>
          <td class="extra" colspan="4">
            <div class="log">[gw2] win32 -- Python 3.11.4 C:\Users\Admin\AppData\Local\Programs\Python\Python311\python.exe<br/>[gw2] win32 -- Python 3.11.4 C:\Users\Admin\AppData\Local\Programs\Python\Python311\python.exe[gw2] win32 -- Python 3.11.4 C:\Users\Admin\AppData\Local\Programs\Python\Python311\python.exe[gw2] win32 -- Python 3.11.4 C:\Users\Admin\AppData\Local\Programs\Python\Python311\python.exe<br/> -----------------------------Captured stdout setup------------------------------ <br/>Headless mode
<br/> -------------------------------Captured log setup------------------------------- <br/>WARNING  selenium.webdriver.common.selenium_manager:selenium_manager.py:125 The version of chrome cannot be detected. Trying with latest driver version<br/> -------------------------------Captured log call-------------------------------- <br/>INFO     Test_login_DDT_003:test_login_DDT.py:18 Test_login_DDT_003 is starting 
INFO     Test_login_DDT_003:test_login_DDT.py:19 Verifying Test_login_DDT_003
INFO     Test_login_DDT_003:test_login_DDT.py:31 Clicking on login link
INFO     Test_login_DDT_003:test_login_DDT.py:33 entering username
INFO     Test_login_DDT_003:test_login_DDT.py:35 entering password
INFO     Test_login_DDT_003:test_login_DDT.py:37 Clicking on submit button
INFO     Test_login_DDT_003:test_login_DDT.py:31 Clicking on login link
INFO     Test_login_DDT_003:test_login_DDT.py:33 entering username
INFO     Test_login_DDT_003:test_login_DDT.py:35 entering password
INFO     Test_login_DDT_003:test_login_DDT.py:37 Clicking on submit button
INFO     Test_login_DDT_003:test_login_DDT.py:31 Clicking on login link
INFO     Test_login_DDT_003:test_login_DDT.py:33 entering username
INFO     Test_login_DDT_003:test_login_DDT.py:35 entering password
INFO     Test_login_DDT_003:test_login_DDT.py:37 Clicking on submit button
INFO     Test_login_DDT_003:test_login_DDT.py:31 Clicking on login link
INFO     Test_login_DDT_003:test_login_DDT.py:33 entering username
INFO     Test_login_DDT_003:test_login_DDT.py:35 entering password
INFO     Test_login_DDT_003:test_login_DDT.py:37 Clicking on submit button
INFO     Test_login_DDT_003:test_login_DDT.py:72 Testcases test_login_DDT_003 is passed
INFO     Test_login_DDT_003:test_login_DDT.py:80 End of Login DDT Test
INFO     Test_login_DDT_003:test_login_DDT.py:81 Completed test_Login_DDT_003)<br/></div></td></tr></tbody></table></body></html>