{"name": "test_login_param_004[data_for_login2]", "status": "failed", "statusDetails": {"message": "AssertionError: assert False", "trace": "self = <testCases.test_login_param.Test_Login object at 0x000002456686CE10>\nsetup = <selenium.webdriver.chrome.webdriver.WebDriver (session=\"1a0e65faa25df917d467414551734c32\")>\ndata_for_login = ('lukeshade@gmail.com', 'Test@1234', 'Fail')\n\n    @allure.severity(allure.severity_level.CRITICAL)\n    @pytest.mark.regression\n    def test_login_param_004(self, setup, data_for_login):\n        self.log.info(\"TestCase test_login_004 is started\")\n        self.driver = setup\n        self.log.info(\"Invoking browser\")\n        self.driver.get(self.baseURL)\n        self.log.info(\"Opening url\")\n        self.lp = UserLoginClass(self.driver)\n        self.lp.login_link()\n        self.log.info(\"Clicking on login link\")\n        self.lp.email(data_for_login[0])\n        self.log.info(\"Entering email \" + data_for_login[0])\n        self.lp.password(data_for_login[1])\n        self.log.info(\"Entering password \" + data_for_login[1])\n        self.lp.signin_button()\n        self.log.info(\"Clicking on Signin button\")\n    \n    \n        if self.lp.status() == (data_for_login[2] == \"Pass\"):\n            self.log.info(\"TestCase test_login_param_004 is pass\")\n            self.driver.save_screenshot(\".\\\\Screenshot\\\\test_login_004_pass.png\")\n            assert True\n        else:\n            self.log.info(\"TestCase test_login_param_004 is fail\")\n            self.driver.save_screenshot(\".\\\\Screenshot\\\\test_login_004_fail.png\")\n>           assert False\nE           assert False\n\ntestCases\\test_login_param.py:38: AssertionError"}, "attachments": [{"name": "log", "source": "db3acc07-231e-4085-bf5a-c0aa6d2986f7-attachment.txt", "type": "text/plain"}, {"name": "stdout", "source": "c7898688-449a-40ef-b949-aa078c3e6104-attachment.txt", "type": "text/plain"}], "parameters": [{"name": "data_for_login", "value": "('lukeshade@gmail.com', 'Test@1234', 'Fail')"}], "start": 1691136392714, "stop": 1691136422722, "uuid": "dfa48e5d-ae18-4dcb-a596-81fc27dd4713", "historyId": "6d3a72158a050ff06647285bb16c02c0", "testCaseId": "33ae27568f47c0943c731822522f95d8", "fullName": "testCases.test_login_param.Test_Login#test_login_param_004", "labels": [{"name": "severity", "value": "critical"}, {"name": "tag", "value": "regression"}, {"name": "parentSuite", "value": "testCases"}, {"name": "suite", "value": "test_login_param"}, {"name": "subSuite", "value": "Test_Login"}, {"name": "host", "value": "DESKTOP-3ABMBD4"}, {"name": "thread", "value": "4660-MainThread"}, {"name": "framework", "value": "pytest"}, {"name": "language", "value": "cpython3"}, {"name": "package", "value": "testCases.test_login_param"}]}