{"name": "test_login_param_004[data_for_login0]", "status": "failed", "statusDetails": {"message": "AssertionError: assert False", "trace": "self = <testCases.test_login_param.Test_Login object at 0x0000024566D4EB10>\nsetup = <selenium.webdriver.chrome.webdriver.WebDriver (session=\"bb703586ae3ca75832a9d3deea2a050e\")>\ndata_for_login = ('lukeshade@gmail.com', 'Test@123', 'Pass')\n\n    @allure.severity(allure.severity_level.CRITICAL)\n    @pytest.mark.regression\n    def test_login_param_004(self, setup, data_for_login):\n        self.log.info(\"TestCase test_login_004 is started\")\n        self.driver = setup\n        self.log.info(\"Invoking browser\")\n        self.driver.get(self.baseURL)\n        self.log.info(\"Opening url\")\n        self.lp = UserLoginClass(self.driver)\n        self.lp.login_link()\n        self.log.info(\"Clicking on login link\")\n        self.lp.email(data_for_login[0])\n        self.log.info(\"Entering email \" + data_for_login[0])\n        self.lp.password(data_for_login[1])\n        self.log.info(\"Entering password \" + data_for_login[1])\n        self.lp.signin_button()\n        self.log.info(\"Clicking on Signin button\")\n    \n    \n        if self.lp.status() == (data_for_login[2] == \"Pass\"):\n            self.log.info(\"TestCase test_login_param_004 is pass\")\n            self.driver.save_screenshot(\".\\\\Screenshot\\\\test_login_004_pass.png\")\n            assert True\n        else:\n            self.log.info(\"TestCase test_login_param_004 is fail\")\n            self.driver.save_screenshot(\".\\\\Screenshot\\\\test_login_004_fail.png\")\n>           assert False\nE           assert False\n\ntestCases\\test_login_param.py:38: AssertionError"}, "attachments": [{"name": "log", "source": "0469b1b4-f4f2-460b-94a2-241355780da6-attachment.txt", "type": "text/plain"}, {"name": "stdout", "source": "33988a5d-0326-4ec7-bc31-4e2bb802e5ce-attachment.txt", "type": "text/plain"}], "parameters": [{"name": "data_for_login", "value": "('lukeshade@gmail.com', 'Test@123', 'Pass')"}], "start": 1691136343804, "stop": 1691136366415, "uuid": "c29ff960-ed69-48b5-89e3-80db80b3f881", "historyId": "0f8a486b09c1e235c6bb296cc3226289", "testCaseId": "33ae27568f47c0943c731822522f95d8", "fullName": "testCases.test_login_param.Test_Login#test_login_param_004", "labels": [{"name": "severity", "value": "critical"}, {"name": "tag", "value": "regression"}, {"name": "parentSuite", "value": "testCases"}, {"name": "suite", "value": "test_login_param"}, {"name": "subSuite", "value": "Test_Login"}, {"name": "host", "value": "DESKTOP-3ABMBD4"}, {"name": "thread", "value": "4660-MainThread"}, {"name": "framework", "value": "pytest"}, {"name": "language", "value": "cpython3"}, {"name": "package", "value": "testCases.test_login_param"}]}