{"name": "test_login_param_004[data_for_login3]", "status": "failed", "statusDetails": {"message": "AssertionError: assert False", "trace": "self = <testCases.test_login_param.Test_Login object at 0x000002683B64C050>\nsetup = <selenium.webdriver.chrome.webdriver.WebDriver (session=\"6c0039d41d38b50c676b6a748c2d8abc\")>\ndata_for_login = ('lukeshade@12gmail.com', 'Test@1234', 'Fail')\n\n    @allure.severity(allure.severity_level.CRITICAL)\n    @pytest.mark.regression\n    def test_login_param_004(self, setup, data_for_login):\n        self.log.info(\"TestCase test_login_004 is started\")\n        self.driver = setup\n        self.log.info(\"Invoking browser\")\n        self.driver.get(self.baseURL)\n        self.log.info(\"Opening url\")\n        self.lp = UserLoginClass(self.driver)\n        self.lp.login_link()\n        self.log.info(\"Clicking on login link\")\n        self.lp.email(data_for_login[0])\n        self.log.info(\"Entering email \" + data_for_login[0])\n        self.lp.password(data_for_login[1])\n        self.log.info(\"Entering password \" + data_for_login[1])\n        self.lp.signin_button()\n        self.log.info(\"Clicking on Signin button\")\n    \n    \n        if self.lp.status() == (data_for_login[2] == \"Pass\"):\n            self.log.info(\"TestCase test_login_param_004 is pass\")\n            self.driver.save_screenshot(\".\\\\Screenshot\\\\test_login_004_pass.png\")\n            assert True\n        else:\n            self.log.info(\"TestCase test_login_param_004 is fail\")\n            self.driver.save_screenshot(\".\\\\Screenshot\\\\test_login_004_fail.png\")\n            allure.attach(self.driver.get_screenshot_as_png(), name=\"test_login_param_004\",\n                          attachment_type=AttachmentType.PNG)\n>           assert False\nE           assert False\n\ntestCases\\test_login_param.py:41: AssertionError"}, "attachments": [{"name": "test_login_param_004", "source": "1359571d-9fa4-4c51-ad5d-24ada276db36-attachment.png", "type": "image/png"}, {"name": "log", "source": "0cf5deca-eb49-4fdd-a851-4ef86a6efa9d-attachment.txt", "type": "text/plain"}], "parameters": [{"name": "data_for_login", "value": "('lukeshade@12gmail.com', 'Test@1234', 'Fail')"}], "start": 1691138226314, "stop": 1691138316853, "uuid": "a6433f41-b3ff-49c6-a66b-204ead584f83", "historyId": "590cddb168f4ca85de593ce6134cf774", "testCaseId": "8ba4d6bf1ea256aab7af0f3ff981f17b", "fullName": "test_login_param.Test_Login#test_login_param_004", "labels": [{"name": "severity", "value": "critical"}, {"name": "tag", "value": "regression"}, {"name": "suite", "value": "test_login_param"}, {"name": "subSuite", "value": "Test_Login"}, {"name": "host", "value": "DESKTOP-3ABMBD4"}, {"name": "thread", "value": "15244-MainThread"}, {"name": "framework", "value": "pytest"}, {"name": "language", "value": "cpython3"}, {"name": "package", "value": "test_login_param"}]}