{"name": "test_login_param_004[data_for_login1]", "status": "failed", "statusDetails": {"message": "AssertionError: assert False", "trace": "self = <testCases.test_login_param.Test_Login object at 0x000002683B62FA90>\nsetup = <selenium.webdriver.chrome.webdriver.WebDriver (session=\"4b4adefd5010442ad49aecb69314505a\")>\ndata_for_login = ('lukeshade@12gmail.com', 'Test@123', 'Fail')\n\n    @allure.severity(allure.severity_level.CRITICAL)\n    @pytest.mark.regression\n    def test_login_param_004(self, setup, data_for_login):\n        self.log.info(\"TestCase test_login_004 is started\")\n        self.driver = setup\n        self.log.info(\"Invoking browser\")\n        self.driver.get(self.baseURL)\n        self.log.info(\"Opening url\")\n        self.lp = UserLoginClass(self.driver)\n        self.lp.login_link()\n        self.log.info(\"Clicking on login link\")\n        self.lp.email(data_for_login[0])\n        self.log.info(\"Entering email \" + data_for_login[0])\n        self.lp.password(data_for_login[1])\n        self.log.info(\"Entering password \" + data_for_login[1])\n        self.lp.signin_button()\n        self.log.info(\"Clicking on Signin button\")\n    \n    \n        if self.lp.status() == (data_for_login[2] == \"Pass\"):\n            self.log.info(\"TestCase test_login_param_004 is pass\")\n            self.driver.save_screenshot(\".\\\\Screenshot\\\\test_login_004_pass.png\")\n            assert True\n        else:\n            self.log.info(\"TestCase test_login_param_004 is fail\")\n            self.driver.save_screenshot(\".\\\\Screenshot\\\\test_login_004_fail.png\")\n            allure.attach(self.driver.get_screenshot_as_png(), name=\"test_login_param_004\",\n                          attachment_type=AttachmentType.PNG)\n>           assert False\nE           assert False\n\ntestCases\\test_login_param.py:41: AssertionError"}, "attachments": [{"name": "test_login_param_004", "source": "0b20846d-ad14-478b-bc09-e399f6c5e16f-attachment.png", "type": "image/png"}, {"name": "log", "source": "b338e367-19ed-45ad-91d0-f1596e553b5d-attachment.txt", "type": "text/plain"}], "parameters": [{"name": "data_for_login", "value": "('lukeshade@12gmail.com', 'Test@123', 'Fail')"}], "start": 1691138070321, "stop": 1691138143306, "uuid": "64310dc2-68a2-489d-978b-e4cbc3ae23d7", "historyId": "0dfe200baa3dd5bc3afbe9d029479736", "testCaseId": "8ba4d6bf1ea256aab7af0f3ff981f17b", "fullName": "test_login_param.Test_Login#test_login_param_004", "labels": [{"name": "severity", "value": "critical"}, {"name": "tag", "value": "regression"}, {"name": "suite", "value": "test_login_param"}, {"name": "subSuite", "value": "Test_Login"}, {"name": "host", "value": "DESKTOP-3ABMBD4"}, {"name": "thread", "value": "15244-MainThread"}, {"name": "framework", "value": "pytest"}, {"name": "language", "value": "cpython3"}, {"name": "package", "value": "test_login_param"}]}